2024-05-27 12:05:87 [DEBUG] [32minfo[39m: [32mHello[39m
2024-05-27 12:05:100 [DEBUG] [32minfo[39m: [32mGET /doctors localhost:8081[39m
2024-05-27 12:05:89 [32minfo[39m: [32mGET /doctors localhost:8081[39m
2024-05-27 12:05:03 [32MINFO[39M: [32mGET /doctors localhost:8081[39m
2024-05-27 12:05:03 [32minfo[39m: [32mGET /doctors localhost:8081[39m
2024-05-27 12:05:03 [32minfo[39m: [32mGET /doctors localhost:8081[39m
2024-05-27 12:05:34 [32minfo[39m: [32mGET /doctors localhost:8081[39m
2024-05-27 12:05:47 [32minfo[39m: [32mGET /doctors localhost:8081[39m
2024-05-27 13:05:75 [32minfo[39m: [32mGET /session localhost:8081[39m
2024-05-27 13:05:22 [32minfo[39m: [32mGET /session localhost:8081[39m
2024-05-27 13:05:77 [32minfo[39m: [32mGET /session localhost:8081[39m
2024-05-27 13:05:34 [32minfo[39m: [32mGET /session localhost:8081[39m
2024-05-27 13:05:64 [32minfo[39m: [32mPOST /login localhost:8081[39m
2024-05-27 13:05:10 [32minfo[39m: [32mGET /session localhost:8081[39m
2024-05-27 13:05:61 [32minfo[39m: [32mGET /session localhost:8081[39m
2024-05-27 13:05:19 [32minfo[39m: [32mGET /session localhost:8081[39m
2024-05-27 13:05:24 [32minfo[39m: [32mGET /session localhost:8081[39m
2024-05-27 13:05:52 [32minfo[39m: [32mGET /patients localhost:8081[39m
2024-05-27 13:05:13 [32minfo[39m: [32mGET /patients localhost:8081[39m
2024-05-27 13:05:52 [32minfo[39m: [32mGET /patients localhost:8081[39m
2024-05-27 13:05:80 [32minfo[39m: [32mGET /session localhost:8081[39m
2024-05-27 13:05:48 [32minfo[39m: [32mGET /session localhost:8081[39m
2024-05-27 13:05:51 [32minfo[39m: [32mGET /session localhost:8081[39m
2024-05-27 13:05:55 [32minfo[39m: [32mGET /patients localhost:8081[39m
2024-05-27 13:05:09 [32minfo[39m: [32mGET /session localhost:8081[39m
2024-05-27 13:05:66 [32minfo[39m: [32mGET /session localhost:8081[39m
2024-05-27 13:05:33 [32minfo[39m: [32mGET /session localhost:8081[39m
2024-05-27 13:05:01 [32minfo[39m: [32mGET /patients localhost:8081[39m
2024-05-27 13:05:73 [32minfo[39m: [32mGET /session localhost:8081[39m
2024-05-27 13:05:41 [32minfo[39m: [32mGET /session localhost:8081[39m
2024-05-27 13:05:75 [32minfo[39m: [32mGET /patients localhost:8081[39m
2024-05-27 13:05:18 [32minfo[39m: [32mGET /session localhost:8081[39m
2024-05-27 13:05:75 [32minfo[39m: [32mGET /session localhost:8081[39m
2024-05-27 13:05:35 [32minfo[39m: [32mGET /session localhost:8081[39m
2024-05-27 13:05:53 [32minfo[39m: [32mGET /patients localhost:8081[39m
2024-05-27 13:05:33 [32minfo[39m: [32mGET /session localhost:8081[39m
2024-05-27 13:05:39 [32minfo[39m: [32mGET /patients localhost:8081[39m
2024-05-27 13:05:49 [32minfo[39m: [32mGET /session localhost:8081[39m
2024-05-27 13:05:94 [32minfo[39m: [32mGET /session localhost:8081[39m
2024-05-27 13:05:60 [32minfo[39m: [32mGET /patients localhost:8081[39m
2024-05-27 13:05:81 [32minfo[39m: [32mGET /session localhost:8081[39m
2024-05-27 13:05:06 [32minfo[39m: [32mGET /session localhost:8081[39m
2024-05-27 13:05:07 [32minfo[39m: [32mGET /patients localhost:8081[39m
2024-05-27 13:05:60 [32minfo[39m: [32mGET /session localhost:8081[39m
2024-05-27 13:05:100 [32minfo[39m: [32mGET /session localhost:8081[39m
2024-05-27 13:05:73 [32minfo[39m: [32mGET /session localhost:8081[39m
2024-05-27 13:05:92 [32minfo[39m: [32mGET /session localhost:8081[39m
2024-05-27 13:05:97 [32minfo[39m: [32mGET /session localhost:8081[39m
2024-05-27 13:05:13 [32minfo[39m: [32mGET /session localhost:8081[39m
2024-05-27 13:05:14 [32minfo[39m: [32mGET /patients localhost:8081[39m
2024-05-27 13:05:53 [32minfo[39m: [32mGET /session localhost:8081[39m
2024-05-27 13:05:55 [32minfo[39m: [32mGET /session localhost:8081[39m
2024-05-27 13:05:20 [32minfo[39m: [32mGET /session localhost:8081[39m
2024-05-27 13:05:77 [32minfo[39m: [32mGET /session localhost:8081[39m
2024-05-27 14:05:48 [32minfo[39m: [32mGET /session localhost:8081[39m
2024-05-27 14:05:83 [32minfo[39m: [32mGET /patients localhost:8081[39m
2024-05-27 14:05:60 [32minfo[39m: [32mGET /patients localhost:8081[39m
2024-05-27 14:05:81 [32minfo[39m: [32mGET /session localhost:8081[39m
2024-05-27 14:05:14 [32minfo[39m: [32mGET /session localhost:8081[39m
2024-05-27 14:05:20 [32minfo[39m: [32mGET /patients localhost:8081[39m
2024-05-27 14:05:85 [32minfo[39m: [32mGET /session localhost:8081[39m
2024-05-27 14:05:86 [32minfo[39m: [32mGET /patients localhost:8081[39m
2024-05-27 14:05:92 [32minfo[39m: [32mGET /session localhost:8081[39m
2024-05-27 14:05:77 [32minfo[39m: [32mGET /patients localhost:8081[39m
2024-05-27 14:05:35 [32minfo[39m: [32mGET /session localhost:8081[39m
2024-05-27 14:05:45 [32minfo[39m: [32mGET /session localhost:8081[39m
2024-05-27 14:05:95 [32minfo[39m: [32mGET /session localhost:8081[39m
2024-05-27 14:05:75 [32minfo[39m: [32mGET /session localhost:8081[39m
2024-05-27 14:05:23 [32minfo[39m: [32mPOST /login localhost:8081[39m
2024-05-27 14:05:47 [32minfo[39m: [32mGET /session localhost:8081[39m
2024-05-27 14:05:12 [32minfo[39m: [32mGET /session localhost:8081[39m
2024-05-27 14:05:97 [32minfo[39m: [32mGET /session localhost:8081[39m
2024-05-27 14:05:61 [32minfo[39m: [32mGET /session localhost:8081[39m
2024-05-27 14:05:45 [32minfo[39m: [32mGET /session localhost:8081[39m
2024-05-27 14:05:34 [32minfo[39m: [32mGET /session localhost:8081[39m
2024-05-27 14:05:22 [32minfo[39m: [32mGET /session localhost:8081[39m
2024-05-27 14:05:07 [32minfo[39m: [32mGET /session localhost:8081[39m
2024-05-27 14:05:61 [32minfo[39m: [32mGET /session localhost:8081[39m
2024-05-27 14:05:88 [32minfo[39m: [32mGET /session localhost:8081[39m
2024-05-27 14:05:23 [32minfo[39m: [32mGET /session localhost:8081[39m
2024-05-27 14:05:48 [32minfo[39m: [32mGET /session localhost:8081[39m
2024-05-27 14:05:75 [32minfo[39m: [32mGET /session localhost:8081[39m
2024-05-27 14:05:77 [32minfo[39m: [32mGET /session localhost:8081[39m
2024-05-27 14:05:23 [32minfo[39m: [32mGET /session localhost:8081[39m
2024-05-27 14:05:60 [32minfo[39m: [32mGET /session localhost:8081[39m
2024-05-27 14:05:12 [32minfo[39m: [32mGET /session localhost:8081[39m
2024-05-27 14:05:99 [32minfo[39m: [32mGET /session localhost:8081[39m
2024-05-27 14:05:57 [32minfo[39m: [32mGET /session localhost:8081[39m
2024-05-27 14:05:69 [32minfo[39m: [32mGET /session localhost:8081[39m
2024-05-27 14:05:50 [32minfo[39m: [32mPOST /login localhost:8081[39m
2024-05-27 14:05:98 [32minfo[39m: [32mGET /session localhost:8081[39m
2024-05-27 14:05:80 [32minfo[39m: [32mGET /session localhost:8081[39m
2024-05-27 14:05:49 [32minfo[39m: [32mGET /session localhost:8081[39m
2024-05-27 14:05:12 [32minfo[39m: [32mGET /session localhost:8081[39m
2024-05-27 14:05:88 [32minfo[39m: [32mGET / localhost:8081[39m
2024-05-27 14:05:45 [32minfo[39m: [32mGET / localhost:8081[39m
2024-05-27 14:05:81 [32minfo[39m: [32mGET /patients localhost:8081[39m
2024-05-27 14:05:55 [32minfo[39m: [32mGET /patients localhost:8081[39m
2024-05-27 14:05:50 [32minfo[39m: [32mGET / localhost:8081[39m
2024-05-27 14:05:09 [32minfo[39m: [32mGET / localhost:8081[39m
2024-05-27 14:05:24 [32minfo[39m: [32mGET /session localhost:8081[39m
2024-05-27 14:05:22 [32minfo[39m: [32mGET /session localhost:8081[39m
2024-05-27 14:05:84 [32minfo[39m: [32mGET /session localhost:8081[39m
2024-05-27 14:05:02 [32minfo[39m: [32mGET /session localhost:8081[39m
2024-05-27 14:05:54 [32minfo[39m: [32mPOST /login localhost:8081[39m
2024-05-27 14:05:19 [32minfo[39m: [32mGET /session localhost:8081[39m
2024-05-27 14:05:78 [32minfo[39m: [32mGET /session localhost:8081[39m
2024-05-27 14:05:35 [32minfo[39m: [32mGET /session localhost:8081[39m
2024-05-27 14:05:93 [32minfo[39m: [32mGET /session localhost:8081[39m
2024-05-27 14:05:06 [32minfo[39m: [32mGET / localhost:8081[39m
2024-05-27 14:05:67 [32minfo[39m: [32mGET / localhost:8081[39m
2024-05-27 14:05:20 [32minfo[39m: [32mGET / localhost:8081[39m
2024-05-27 14:05:74 [32minfo[39m: [32mGET / localhost:8081[39m
2024-05-27 14:05:83 [32minfo[39m: [32mPOST /login localhost:8081[39m
2024-05-27 14:05:10 [32minfo[39m: [32mGET /session localhost:8081[39m
2024-05-27 14:05:77 [32minfo[39m: [32mGET /session localhost:8081[39m
2024-05-27 14:05:55 [32minfo[39m: [32mGET /session localhost:8081[39m
2024-05-27 14:05:12 [32minfo[39m: [32mGET /session localhost:8081[39m
2024-05-27 14:05:90 [32minfo[39m: [32mGET / localhost:8081[39m
2024-05-27 14:05:64 [32minfo[39m: [32mGET /session localhost:8081[39m
2024-05-27 14:05:82 [32minfo[39m: [32mGET /session localhost:8081[39m
2024-05-27 14:05:33 [32minfo[39m: [32mGET /session localhost:8081[39m
2024-05-27 14:05:98 [32minfo[39m: [32mGET /session localhost:8081[39m
2024-05-27 14:05:09 [32minfo[39m: [32mGET /session localhost:8081[39m
2024-05-27 14:05:38 [32minfo[39m: [32mGET /session localhost:8081[39m
2024-05-27 14:05:95 [32minfo[39m: [32mGET /session localhost:8081[39m
2024-05-27 14:05:67 [32minfo[39m: [32mGET /session localhost:8081[39m
2024-05-27 14:05:41 [32minfo[39m: [32mGET /session localhost:8081[39m
2024-05-27 14:05:01 [32minfo[39m: [32mGET /session localhost:8081[39m
2024-05-27 14:05:58 [32minfo[39m: [32mGET /session localhost:8081[39m
2024-05-27 14:05:89 [32minfo[39m: [32mGET /session localhost:8081[39m
2024-05-27 14:05:00 [32minfo[39m: [32mGET /session localhost:8081[39m
2024-05-27 14:05:58 [32minfo[39m: [32mGET /session localhost:8081[39m
2024-05-27 14:05:20 [32minfo[39m: [32mGET /session localhost:8081[39m
2024-05-27 14:05:65 [32minfo[39m: [32mGET /session localhost:8081[39m
2024-05-27 14:05:39 [32minfo[39m: [32mGET /session localhost:8081[39m
2024-05-27 14:05:97 [32minfo[39m: [32mGET /session localhost:8081[39m
2024-05-27 14:05:55 [32minfo[39m: [32mGET /session localhost:8081[39m
2024-05-27 14:05:52 [32minfo[39m: [32mGET /session localhost:8081[39m
2024-05-27 14:05:49 [32minfo[39m: [32mGET /session localhost:8081[39m
2024-05-27 14:05:14 [32minfo[39m: [32mGET /session localhost:8081[39m
2024-05-27 14:05:71 [32minfo[39m: [32mGET /session localhost:8081[39m
2024-05-27 14:05:64 [32minfo[39m: [32mGET /session localhost:8081[39m
2024-05-27 14:05:53 [32minfo[39m: [32mGET /session localhost:8081[39m
2024-05-27 14:05:57 [32minfo[39m: [32mGET /session localhost:8081[39m
2024-05-27 14:05:60 [32minfo[39m: [32mGET /session localhost:8081[39m
2024-05-27 14:05:18 [32minfo[39m: [32mGET /session localhost:8081[39m
2024-05-27 14:05:88 [32minfo[39m: [32mGET /session localhost:8081[39m
2024-05-27 14:05:76 [32minfo[39m: [32mGET /session localhost:8081[39m
2024-05-27 14:05:50 [32minfo[39m: [32mGET /session localhost:8081[39m
2024-05-27 14:05:07 [32minfo[39m: [32mGET /session localhost:8081[39m
2024-05-27 14:05:65 [32minfo[39m: [32mGET /session localhost:8081[39m
2024-05-27 14:05:32 [32minfo[39m: [32mGET /session localhost:8081[39m
2024-05-27 14:05:49 [32minfo[39m: [32mGET /session localhost:8081[39m
2024-05-27 14:05:16 [32minfo[39m: [32mGET /session localhost:8081[39m
2024-05-27 14:05:78 [32minfo[39m: [32mGET /session localhost:8081[39m
2024-05-27 14:05:66 [32minfo[39m: [32mGET /session localhost:8081[39m
2024-05-27 14:05:17 [32minfo[39m: [32mGET /session localhost:8081[39m
2024-05-27 14:05:75 [32minfo[39m: [32mGET /session localhost:8081[39m
2024-05-27 14:05:33 [32minfo[39m: [32mGET /session localhost:8081[39m
2024-05-27 14:05:24 [32minfo[39m: [32mGET /session localhost:8081[39m
2024-05-27 14:05:59 [32minfo[39m: [32mGET /session localhost:8081[39m
2024-05-27 14:05:44 [32minfo[39m: [32mGET /session localhost:8081[39m
2024-05-27 14:05:39 [32minfo[39m: [32mGET /session localhost:8081[39m
2024-05-27 14:05:97 [32minfo[39m: [32mGET /session localhost:8081[39m
2024-05-27 14:05:54 [32minfo[39m: [32mGET /session localhost:8081[39m
2024-05-27 14:05:57 [32minfo[39m: [32mGET /session localhost:8081[39m
2024-05-27 15:05:62 [32minfo[39m: [32mGET /session localhost:8081[39m
2024-05-27 15:05:19 [32minfo[39m: [32mGET /session localhost:8081[39m
2024-05-27 15:05:69 [32minfo[39m: [32mGET /session localhost:8081[39m
2024-05-27 15:05:37 [32minfo[39m: [32mGET /session localhost:8081[39m
2024-05-27 15:05:35 [32minfo[39m: [32mGET /session localhost:8081[39m
2024-05-27 15:05:56 [32minfo[39m: [32mGET /session localhost:8081[39m
2024-05-27 15:05:51 [32minfo[39m: [32mGET /session localhost:8081[39m
2024-05-27 15:05:72 [32minfo[39m: [32mGET /session localhost:8081[39m
2024-05-27 15:05:77 [32minfo[39m: [32mGET /session localhost:8081[39m
2024-05-27 15:05:19 [32minfo[39m: [32mGET /session localhost:8081[39m
2024-05-27 15:05:94 [32minfo[39m: [32mGET /session localhost:8081[39m
2024-05-27 15:05:60 [32minfo[39m: [32mGET /session localhost:8081[39m
2024-05-27 15:05:17 [32minfo[39m: [32mGET /session localhost:8081[39m
2024-05-27 15:05:53 [32minfo[39m: [32mGET /session localhost:8081[39m
2024-05-27 15:05:02 [32minfo[39m: [32mGET /session localhost:8081[39m
2024-05-27 15:05:99 [32minfo[39m: [32mGET /session localhost:8081[39m
2024-05-27 15:05:64 [32minfo[39m: [32mGET /session localhost:8081[39m
2024-05-27 15:05:23 [32minfo[39m: [32mGET /session localhost:8081[39m
2024-05-27 15:05:26 [32minfo[39m: [32mGET /session localhost:8081[39m
2024-05-27 15:05:73 [32minfo[39m: [32mGET /session localhost:8081[39m
2024-05-27 15:05:08 [32minfo[39m: [32mGET /session localhost:8081[39m
2024-05-27 15:05:79 [32minfo[39m: [32mGET /session localhost:8081[39m
2024-05-27 15:05:92 [32minfo[39m: [32mGET /session localhost:8081[39m
2024-05-27 15:05:51 [32minfo[39m: [32mGET /session localhost:8081[39m
2024-05-27 15:05:64 [32minfo[39m: [32mGET /session localhost:8081[39m
2024-05-27 15:05:65 [32minfo[39m: [32mGET /session localhost:8081[39m
2024-05-27 15:05:51 [32minfo[39m: [32mGET /session localhost:8081[39m
2024-05-27 15:05:88 [32minfo[39m: [32mGET /session localhost:8081[39m
