2024-05-27 12:05:100 [DEBUG] [31merror[39m: [31mError: [39m
2024-05-27 12:05:75 [DEBUG] [31merror[39m: [31mError: [39m
2024-05-27 12:05:81 [DEBUG] [31merror[39m: [31mError: [39m
2024-05-27 12:05:81 [DEBUG] [31merror[39m: [31mError: [39m
2024-05-27 12:05:47 [DEBUG] [31merror[39m: [31mError: [39m
2024-05-28 12:05:10 [31merror[39m: [31mEmail address and password missing[39m
2024-05-28 12:05:18 [31merror[39m: [31mPassword is missing[39m
2024-05-28 12:05:23 [31merror[39m: [31mleorodwel86@gmail is not a valid email address[39m
2024-05-28 12:05:05 [31merror[39m: [31mfoo@bar is not a valid email address[39m
2024-05-28 12:05:45 [31merror[39m: [31mfoo@bar is not a valid email address[39m
2024-05-28 13:05:36 [31merror[39m: [31mfoo@bar is not a valid email address[39m
2024-05-28 13:05:92 [31merror[39m: [31mfoo@bar is not a valid email address[39m
2024-05-28 13:05:89 [31merror[39m: [31mStreetCoder@254 is not a valid password[39m
2024-05-28 13:05:56 [31merror[39m: [31mError: AuthApiError: Invalid login credentials[39m
2024-05-28 13:05:12 [31merror[39m: [31mInvalid login credentials[39m
2024-05-28 13:05:73 [31merror[39m: [31mInvalid login credentials[39m
2024-05-28 14:05:90 [31merror[39m: [31mInvalid login credentials[39m
2024-05-28 14:05:37 [31merror[39m: [31mInvalid login credentials[39m
2024-05-28 14:05:72 [31merror[39m: [31mInvalid login credentials[39m
2024-05-28 17:05:15 [31merror[39m: [31mMedical records not found for [object Object][39m
